# JRE version: Java(TM) SE Runtime Environment (11.0.6+8) (build 11.0.6+8-LTS)
# Java VM: Java HotSpot(TM) 64-Bit Server VM (11.0.6+8-LTS, mixed mode, tiered, compressed oops, g1 gc, windows-amd64)
Heap:
 garbage-first heap   total 131072K, used 39984K [0x0000000081c00000, 0x0000000100000000)
  region size 1024K, 10 young (10240K), 7 survivors (7168K)
 Metaspace       used 58606K, capacity 60144K, committed 60288K, reserved 1101824K
  class space    used 7624K, capacity 8212K, committed 8320K, reserved 1048576K
GC Heap History (10 events):
Event: 15.873 GC heap before
{Heap before GC invocations=12 (full 0):
 garbage-first heap   total 131072K, used 88336K [0x0000000081c00000, 0x0000000100000000)
  region size 1024K, 66 young (67584K), 7 survivors (7168K)
 Metaspace       used 35978K, capacity 37258K, committed 37504K, reserved 1081344K
  class space    used 4552K, capacity 5050K, committed 5120K, reserved 1048576K
}
Event: 15.885 GC heap after
{Heap after GC invocations=13 (full 0):
 garbage-first heap   total 131072K, used 30155K [0x0000000081c00000, 0x0000000100000000)
  region size 1024K, 6 young (6144K), 6 survivors (6144K)
 Metaspace       used 35978K, capacity 37258K, committed 37504K, reserved 1081344K
  class space    used 4552K, capacity 5050K, committed 5120K, reserved 1048576K
}
Event: 17.525 GC heap before
{Heap before GC invocations=13 (full 0):
 garbage-first heap   total 131072K, used 91595K [0x0000000081c00000, 0x0000000100000000)
  region size 1024K, 67 young (68608K), 6 survivors (6144K)
 Metaspace       used 37834K, capacity 39140K, committed 39296K, reserved 1083392K
  class space    used 4738K, capacity 5231K, committed 5248K, reserved 1048576K
}
Event: 17.538 GC heap after
{Heap after GC invocations=14 (full 0):
 garbage-first heap   total 131072K, used 31247K [0x0000000081c00000, 0x0000000100000000)
  region size 1024K, 4 young (4096K), 4 survivors (4096K)
 Metaspace       used 37834K, capacity 39140K, committed 39296K, reserved 1083392K
  class space    used 4738K, capacity 5231K, committed 5248K, reserved 1048576K
}
Event: 19.704 GC heap before
{Heap before GC invocations=14 (full 0):
 garbage-first heap   total 131072K, used 95759K [0x0000000081c00000, 0x0000000100000000)
  region size 1024K, 67 young (68608K), 4 survivors (4096K)
 Metaspace       used 47021K, capacity 48371K, committed 48640K, reserved 1091584K
  class space    used 6021K, capacity 6557K, committed 6656K, reserved 1048576K
}
Event: 19.713 GC heap after
{Heap after GC invocations=15 (full 0):
 garbage-first heap   total 131072K, used 33236K [0x0000000081c00000, 0x0000000100000000)
  region size 1024K, 6 young (6144K), 6 survivors (6144K)
 Metaspace       used 47021K, capacity 48371K, committed 48640K, reserved 1091584K
  class space    used 6021K, capacity 6557K, committed 6656K, reserved 1048576K
}
Event: 21.461 GC heap before
{Heap before GC invocations=15 (full 0):
 garbage-first heap   total 131072K, used 97748K [0x0000000081c00000, 0x0000000100000000)
  region size 1024K, 69 young (70656K), 6 survivors (6144K)
 Metaspace       used 54116K, capacity 55524K, committed 55552K, reserved 1097728K
  class space    used 7098K, capacity 7655K, committed 7680K, reserved 1048576K
}
Event: 21.474 GC heap after
{Heap after GC invocations=16 (full 0):
 garbage-first heap   total 131072K, used 35460K [0x0000000081c00000, 0x0000000100000000)
  region size 1024K, 7 young (7168K), 7 survivors (7168K)
 Metaspace       used 54116K, capacity 55524K, committed 55552K, reserved 1097728K
  class space    used 7098K, capacity 7655K, committed 7680K, reserved 1048576K
}
Event: 22.489 GC heap before
{Heap before GC invocations=16 (full 0):
 garbage-first heap   total 131072K, used 74372K [0x0000000081c00000, 0x0000000100000000)
  region size 1024K, 46 young (47104K), 7 survivors (7168K)
 Metaspace       used 58466K, capacity 59984K, committed 60160K, reserved 1101824K
  class space    used 7601K, capacity 8180K, committed 8192K, reserved 1048576K
}
Event: 22.503 GC heap after
{Heap after GC invocations=17 (full 0):
 garbage-first heap   total 131072K, used 37936K [0x0000000081c00000, 0x0000000100000000)
  region size 1024K, 7 young (7168K), 7 survivors (7168K)
 Metaspace       used 58466K, capacity 59984K, committed 60160K, reserved 1101824K
  class space    used 7601K, capacity 8180K, committed 8192K, reserved 1048576K
}

